\BOOKMARK [1][-]{section.1}{Introduction}{}% 1
\BOOKMARK [1][-]{section.2}{Method}{}% 2
\BOOKMARK [2][-]{subsection.2.1}{Splitting and scaling of data}{section.2}% 3
\BOOKMARK [2][-]{subsection.2.2}{Mean squared error and R squared}{section.2}% 4
\BOOKMARK [2][-]{subsection.2.3}{Bias-variance trade-off}{section.2}% 5
\BOOKMARK [2][-]{subsection.2.4}{Cross validation}{section.2}% 6
\BOOKMARK [2][-]{subsection.2.5}{Study of \040dependence for ridge and lasso regression}{section.2}% 7
\BOOKMARK [2][-]{subsection.2.6}{Study of topography data}{section.2}% 8
\BOOKMARK [1][-]{section.3}{Results}{}% 9
\BOOKMARK [2][-]{subsection.3.1}{Franke funtion}{section.3}% 10
\BOOKMARK [3][-]{subsubsection.3.1.1}{OLS scaling of data}{subsection.3.1}% 11
\BOOKMARK [3][-]{subsubsection.3.1.2}{OLS MSE and R2}{subsection.3.1}% 12
\BOOKMARK [3][-]{subsubsection.3.1.3}{OLS variation of \040paramers}{subsection.3.1}% 13
\BOOKMARK [3][-]{subsubsection.3.1.4}{OLS bias variance tradeoff}{subsection.3.1}% 14
\BOOKMARK [3][-]{subsubsection.3.1.5}{OLS cross validation}{subsection.3.1}% 15
\BOOKMARK [3][-]{subsubsection.3.1.6}{Ridge and Lasso bias variance tradeoff}{subsection.3.1}% 16
\BOOKMARK [3][-]{subsubsection.3.1.7}{Finding best models}{subsection.3.1}% 17
\BOOKMARK [3][-]{subsubsection.3.1.8}{Prediction plots}{subsection.3.1}% 18
\BOOKMARK [2][-]{subsection.3.2}{Topography data}{section.3}% 19
\BOOKMARK [3][-]{subsubsection.3.2.1}{Bias variance tradeoff}{subsection.3.2}% 20
\BOOKMARK [2][-]{subsection.3.3}{Finding best models}{section.3}% 21
\BOOKMARK [1][-]{section.4}{Discussion}{}% 22
\BOOKMARK [1][-]{section.5}{Conclusion}{}% 23
\BOOKMARK [1][-]{section.6}{}{}% 24
